build/app/intermediates/manifest_merge_blame_file/release/manifest-merger-blame-release-report.txt
1<?xml version="1.0" encoding="utf-8"?>
2<manifest xmlns:android="http://schemas.android.com/apk/res/android"
3    package="com.istechsoft55.fillogo"
4    android:versionCode="4"
5    android:versionName="3.1.1" >
6
7    <uses-sdk
8        android:minSdkVersion="21"
8-->src/main/AndroidManifest.xml
9        android:targetSdkVersion="34" />
9-->src/main/AndroidManifest.xml
10
11    <uses-permission android:name="android.permission.INTERNET" />
11-->src/main/AndroidManifest.xml:3:5-66
11-->src/main/AndroidManifest.xml:3:22-64
12    <uses-permission android:name="android.permission.FOREGROUND_SERVICE" />
12-->src/main/AndroidManifest.xml:4:5-77
12-->src/main/AndroidManifest.xml:4:22-74
13    <uses-permission android:name="android.permission.ACCESS_BACKGROUND_LOCATION" />
13-->src/main/AndroidManifest.xml:5:5-84
13-->src/main/AndroidManifest.xml:5:22-82
14    <uses-permission android:name="android.permission.ACCESS_COARSE_LOCATION" />
14-->src/main/AndroidManifest.xml:6:5-81
14-->src/main/AndroidManifest.xml:6:23-79
15    <uses-permission android:name="android.permission.ACCESS_FINE_LOCATION" />
15-->src/main/AndroidManifest.xml:7:5-80
15-->src/main/AndroidManifest.xml:7:23-77
16    <uses-permission android:name="android.permission.ACCESS_NETWORK_STATE" />
16-->[:connectivity_plus] AndroidManifest.xml:9:5-79
16-->[:connectivity_plus] AndroidManifest.xml:9:22-76
17    <uses-permission
17-->[:file_picker] AndroidManifest.xml:9:5-11:38
18        android:name="android.permission.READ_EXTERNAL_STORAGE"
18-->[:file_picker] AndroidManifest.xml:10:9-64
19        android:maxSdkVersion="32" />
19-->[:file_picker] AndroidManifest.xml:11:9-35
20
21    <queries>
21-->[:file_picker] AndroidManifest.xml:13:5-19:15
22        <intent>
22-->[:file_picker] AndroidManifest.xml:14:9-18:18
23            <action android:name="android.intent.action.GET_CONTENT" />
23-->[:file_picker] AndroidManifest.xml:15:13-72
23-->[:file_picker] AndroidManifest.xml:15:21-69
24
25            <data android:mimeType="*/*" />
25-->[:file_picker] AndroidManifest.xml:17:13-44
25-->[:file_picker] AndroidManifest.xml:17:19-41
26        </intent>
27        <!-- Needs to be explicitly declared on Android R+ -->
28        <package android:name="com.google.android.apps.maps" /> <!-- For browser content -->
28-->[com.google.android.gms:play-services-maps:18.2.0] AndroidManifest.xml:33:9-64
28-->[com.google.android.gms:play-services-maps:18.2.0] AndroidManifest.xml:33:18-61
29        <intent>
29-->[com.google.android.gms:play-services-ads-lite:22.0.0] AndroidManifest.xml:35:9-41:18
30            <action android:name="android.intent.action.VIEW" />
30-->[com.onesignal:notifications:5.1.13] AndroidManifest.xml:76:17-69
30-->[com.onesignal:notifications:5.1.13] AndroidManifest.xml:76:25-66
31
32            <category android:name="android.intent.category.BROWSABLE" />
32-->[com.google.android.gms:play-services-ads-lite:22.0.0] AndroidManifest.xml:38:13-74
32-->[com.google.android.gms:play-services-ads-lite:22.0.0] AndroidManifest.xml:38:23-71
33
34            <data android:scheme="https" />
34-->[:file_picker] AndroidManifest.xml:17:13-44
35        </intent> <!-- End of browser content -->
36        <!-- For CustomTabsService -->
37        <intent>
37-->[com.google.android.gms:play-services-ads-lite:22.0.0] AndroidManifest.xml:44:9-46:18
38            <action android:name="android.support.customtabs.action.CustomTabsService" />
38-->[com.google.android.gms:play-services-ads-lite:22.0.0] AndroidManifest.xml:45:13-90
38-->[com.google.android.gms:play-services-ads-lite:22.0.0] AndroidManifest.xml:45:21-87
39        </intent>
40    </queries>
41
42    <uses-permission android:name="android.permission.RECEIVE_BOOT_COMPLETED" />
42-->[:flutter_background_service_android] AndroidManifest.xml:10:5-81
42-->[:flutter_background_service_android] AndroidManifest.xml:10:22-78
43    <uses-permission android:name="android.permission.WAKE_LOCK" />
43-->[:flutter_background_service_android] AndroidManifest.xml:11:5-68
43-->[:flutter_background_service_android] AndroidManifest.xml:11:22-65
44    <uses-permission android:name="android.permission.VIBRATE" />
44-->[:flutter_local_notifications] AndroidManifest.xml:9:5-66
44-->[:flutter_local_notifications] AndroidManifest.xml:9:22-63
45    <uses-permission android:name="android.permission.POST_NOTIFICATIONS" />
45-->[:flutter_local_notifications] AndroidManifest.xml:10:5-77
45-->[:flutter_local_notifications] AndroidManifest.xml:10:22-74
46    <uses-permission android:name="android.permission.WRITE_EXTERNAL_STORAGE" /> <!-- Create a unique permission for your app and use it so only your app can receive your OneSignal messages. -->
46-->[:video_compress] AndroidManifest.xml:9:5-81
46-->[:video_compress] AndroidManifest.xml:9:22-78
47    <permission
47-->[com.onesignal:notifications:5.1.13] AndroidManifest.xml:10:5-12:47
48        android:name="com.istechsoft55.fillogo.permission.C2D_MESSAGE"
48-->[com.onesignal:notifications:5.1.13] AndroidManifest.xml:11:9-63
49        android:protectionLevel="signature" />
49-->[com.onesignal:notifications:5.1.13] AndroidManifest.xml:12:9-44
50
51    <uses-permission android:name="com.istechsoft55.fillogo.permission.C2D_MESSAGE" /> <!-- c2dm RECEIVE are basic requirements for push messages through Google's FCM -->
51-->[com.onesignal:notifications:5.1.13] AndroidManifest.xml:14:5-79
51-->[com.onesignal:notifications:5.1.13] AndroidManifest.xml:14:22-76
52    <uses-permission android:name="com.google.android.c2dm.permission.RECEIVE" /> <!-- START: ShortcutBadger -->
52-->[com.onesignal:notifications:5.1.13] AndroidManifest.xml:19:5-82
52-->[com.onesignal:notifications:5.1.13] AndroidManifest.xml:19:22-79
53    <!-- Samsung -->
54    <uses-permission android:name="com.sec.android.provider.badge.permission.READ" />
54-->[com.onesignal:notifications:5.1.13] AndroidManifest.xml:31:5-86
54-->[com.onesignal:notifications:5.1.13] AndroidManifest.xml:31:22-83
55    <uses-permission android:name="com.sec.android.provider.badge.permission.WRITE" /> <!-- HTC -->
55-->[com.onesignal:notifications:5.1.13] AndroidManifest.xml:32:5-87
55-->[com.onesignal:notifications:5.1.13] AndroidManifest.xml:32:22-84
56    <uses-permission android:name="com.htc.launcher.permission.READ_SETTINGS" />
56-->[com.onesignal:notifications:5.1.13] AndroidManifest.xml:33:5-81
56-->[com.onesignal:notifications:5.1.13] AndroidManifest.xml:33:22-78
57    <uses-permission android:name="com.htc.launcher.permission.UPDATE_SHORTCUT" /> <!-- Sony -->
57-->[com.onesignal:notifications:5.1.13] AndroidManifest.xml:34:5-83
57-->[com.onesignal:notifications:5.1.13] AndroidManifest.xml:34:22-80
58    <uses-permission android:name="com.sonyericsson.home.permission.BROADCAST_BADGE" />
58-->[com.onesignal:notifications:5.1.13] AndroidManifest.xml:35:5-88
58-->[com.onesignal:notifications:5.1.13] AndroidManifest.xml:35:22-85
59    <uses-permission android:name="com.sonymobile.home.permission.PROVIDER_INSERT_BADGE" /> <!-- Apex -->
59-->[com.onesignal:notifications:5.1.13] AndroidManifest.xml:36:5-92
59-->[com.onesignal:notifications:5.1.13] AndroidManifest.xml:36:22-89
60    <uses-permission android:name="com.anddoes.launcher.permission.UPDATE_COUNT" /> <!-- Solid -->
60-->[com.onesignal:notifications:5.1.13] AndroidManifest.xml:37:5-84
60-->[com.onesignal:notifications:5.1.13] AndroidManifest.xml:37:22-81
61    <uses-permission android:name="com.majeur.launcher.permission.UPDATE_BADGE" /> <!-- Huawei -->
61-->[com.onesignal:notifications:5.1.13] AndroidManifest.xml:38:5-83
61-->[com.onesignal:notifications:5.1.13] AndroidManifest.xml:38:22-80
62    <uses-permission android:name="com.huawei.android.launcher.permission.CHANGE_BADGE" />
62-->[com.onesignal:notifications:5.1.13] AndroidManifest.xml:39:5-91
62-->[com.onesignal:notifications:5.1.13] AndroidManifest.xml:39:22-88
63    <uses-permission android:name="com.huawei.android.launcher.permission.READ_SETTINGS" />
63-->[com.onesignal:notifications:5.1.13] AndroidManifest.xml:40:5-92
63-->[com.onesignal:notifications:5.1.13] AndroidManifest.xml:40:22-89
64    <uses-permission android:name="com.huawei.android.launcher.permission.WRITE_SETTINGS" /> <!-- ZUK -->
64-->[com.onesignal:notifications:5.1.13] AndroidManifest.xml:41:5-93
64-->[com.onesignal:notifications:5.1.13] AndroidManifest.xml:41:22-90
65    <uses-permission android:name="android.permission.READ_APP_BADGE" /> <!-- OPPO -->
65-->[com.onesignal:notifications:5.1.13] AndroidManifest.xml:42:5-73
65-->[com.onesignal:notifications:5.1.13] AndroidManifest.xml:42:22-70
66    <uses-permission android:name="com.oppo.launcher.permission.READ_SETTINGS" />
66-->[com.onesignal:notifications:5.1.13] AndroidManifest.xml:43:5-82
66-->[com.onesignal:notifications:5.1.13] AndroidManifest.xml:43:22-79
67    <uses-permission android:name="com.oppo.launcher.permission.WRITE_SETTINGS" /> <!-- EvMe -->
67-->[com.onesignal:notifications:5.1.13] AndroidManifest.xml:44:5-83
67-->[com.onesignal:notifications:5.1.13] AndroidManifest.xml:44:22-80
68    <uses-permission android:name="me.everything.badger.permission.BADGE_COUNT_READ" />
68-->[com.onesignal:notifications:5.1.13] AndroidManifest.xml:45:5-88
68-->[com.onesignal:notifications:5.1.13] AndroidManifest.xml:45:22-85
69    <uses-permission android:name="me.everything.badger.permission.BADGE_COUNT_WRITE" />
69-->[com.onesignal:notifications:5.1.13] AndroidManifest.xml:46:5-89
69-->[com.onesignal:notifications:5.1.13] AndroidManifest.xml:46:22-86
70
71    <uses-feature
71-->[com.google.android.gms:play-services-maps:18.2.0] AndroidManifest.xml:26:5-28:35
72        android:glEsVersion="0x00020000"
72-->[com.google.android.gms:play-services-maps:18.2.0] AndroidManifest.xml:27:9-41
73        android:required="true" />
73-->[com.google.android.gms:play-services-maps:18.2.0] AndroidManifest.xml:28:9-32
74
75    <uses-permission android:name="com.google.android.gms.permission.AD_ID" />
75-->[com.google.android.gms:play-services-ads-lite:22.0.0] AndroidManifest.xml:26:5-79
75-->[com.google.android.gms:play-services-ads-lite:22.0.0] AndroidManifest.xml:26:22-76
76
77    <permission
77-->[androidx.core:core:1.10.1] AndroidManifest.xml:22:5-24:47
78        android:name="com.istechsoft55.fillogo.DYNAMIC_RECEIVER_NOT_EXPORTED_PERMISSION"
78-->[androidx.core:core:1.10.1] AndroidManifest.xml:23:9-81
79        android:protectionLevel="signature" />
79-->[androidx.core:core:1.10.1] AndroidManifest.xml:24:9-44
80
81    <uses-permission android:name="com.istechsoft55.fillogo.DYNAMIC_RECEIVER_NOT_EXPORTED_PERMISSION" />
81-->[androidx.core:core:1.10.1] AndroidManifest.xml:26:5-97
81-->[androidx.core:core:1.10.1] AndroidManifest.xml:26:22-94
82
83    <application
84        android:name="android.app.Application"
84-->src/main/AndroidManifest.xml:10:9-42
85        android:appComponentFactory="androidx.core.app.CoreComponentFactory"
85-->[androidx.core:core:1.10.1] AndroidManifest.xml:28:18-86
86        android:icon="@mipmap/ic_launcher"
86-->src/main/AndroidManifest.xml:11:9-43
87        android:label="fillogo" >
87-->src/main/AndroidManifest.xml:9:9-32
88        <meta-data
88-->src/main/AndroidManifest.xml:12:9-14:70
89            android:name="com.google.android.geo.API_KEY"
89-->src/main/AndroidManifest.xml:13:13-58
90            android:value="AIzaSyCDWUImgRbLnMIz_gbUymkeTzufsqN-jME" />
90-->src/main/AndroidManifest.xml:14:13-68
91        <meta-data
91-->src/main/AndroidManifest.xml:15:9-16:63
92            android:name="com.google.android.gms.version"
92-->src/main/AndroidManifest.xml:15:21-66
93            android:value="@integer/google_play_services_version" />
93-->src/main/AndroidManifest.xml:16:7-60
94
95        <activity
95-->src/main/AndroidManifest.xml:17:9-20:71
96            android:name="com.yalantis.ucrop.UCropActivity"
96-->src/main/AndroidManifest.xml:18:13-60
97            android:screenOrientation="portrait"
97-->src/main/AndroidManifest.xml:19:13-49
98            android:theme="@style/Theme.AppCompat.Light.NoActionBar" />
98-->src/main/AndroidManifest.xml:20:13-69
99        <activity
99-->src/main/AndroidManifest.xml:21:9-43:20
100            android:name="com.istechsoft55.fillogo.MainActivity"
100-->src/main/AndroidManifest.xml:22:13-41
101            android:configChanges="orientation|keyboardHidden|keyboard|screenSize|smallestScreenSize|locale|layoutDirection|fontScale|screenLayout|density|uiMode"
101-->src/main/AndroidManifest.xml:28:13-163
102            android:exported="true"
102-->src/main/AndroidManifest.xml:23:13-36
103            android:hardwareAccelerated="true"
103-->src/main/AndroidManifest.xml:29:13-47
104            android:launchMode="singleTop"
104-->src/main/AndroidManifest.xml:26:13-43
105            android:showWhenLocked="true"
105-->src/main/AndroidManifest.xml:24:13-42
106            android:theme="@style/LaunchTheme"
106-->src/main/AndroidManifest.xml:27:13-47
107            android:turnScreenOn="true"
107-->src/main/AndroidManifest.xml:25:13-40
108            android:windowSoftInputMode="adjustResize" >
108-->src/main/AndroidManifest.xml:30:13-55
109
110            <!--
111                 Specifies an Android theme to apply to this Activity as soon as
112                 the Android process has started. This theme is visible to the user
113                 while the Flutter UI initializes. After that, this theme continues
114                 to determine the Window background behind the Flutter UI.
115            -->
116            <meta-data
116-->src/main/AndroidManifest.xml:35:13-38:17
117                android:name="io.flutter.embedding.android.NormalTheme"
117-->src/main/AndroidManifest.xml:36:15-70
118                android:resource="@style/NormalTheme" />
118-->src/main/AndroidManifest.xml:37:15-52
119
120            <intent-filter>
120-->src/main/AndroidManifest.xml:39:13-42:29
121                <action android:name="android.intent.action.MAIN" />
121-->src/main/AndroidManifest.xml:40:17-68
121-->src/main/AndroidManifest.xml:40:25-66
122
123                <category android:name="android.intent.category.LAUNCHER" />
123-->src/main/AndroidManifest.xml:41:17-76
123-->src/main/AndroidManifest.xml:41:27-74
124            </intent-filter>
125        </activity>
126
127        <meta-data
127-->src/main/AndroidManifest.xml:44:9-46:65
128            android:name="com.google.android.gms.ads.APPLICATION_ID"
128-->src/main/AndroidManifest.xml:45:9-65
129            android:value="ca-app-pub-6811715094998587~3746267415" />
129-->src/main/AndroidManifest.xml:46:9-63
130
131        <!--
132             Don't delete the meta-data below.
133             This is used by the Flutter tool to generate GeneratedPluginRegistrant.java
134        -->
135        <meta-data
135-->src/main/AndroidManifest.xml:50:9-52:33
136            android:name="flutterEmbedding"
136-->src/main/AndroidManifest.xml:51:13-44
137            android:value="2" />
137-->src/main/AndroidManifest.xml:52:13-30
138
139        <service
139-->[:flutter_background_service_android] AndroidManifest.xml:14:9-18:44
140            android:name="id.flutter.flutter_background_service.BackgroundService"
140-->[:flutter_background_service_android] AndroidManifest.xml:15:13-83
141            android:enabled="true"
141-->[:flutter_background_service_android] AndroidManifest.xml:16:13-35
142            android:exported="true"
142-->[:flutter_background_service_android] AndroidManifest.xml:17:13-36
143            android:stopWithTask="false" />
143-->[:flutter_background_service_android] AndroidManifest.xml:18:13-41
144
145        <receiver
145-->[:flutter_background_service_android] AndroidManifest.xml:20:9-23:39
146            android:name="id.flutter.flutter_background_service.WatchdogReceiver"
146-->[:flutter_background_service_android] AndroidManifest.xml:21:13-82
147            android:enabled="true"
147-->[:flutter_background_service_android] AndroidManifest.xml:22:13-35
148            android:exported="true" />
148-->[:flutter_background_service_android] AndroidManifest.xml:23:13-36
149        <receiver
149-->[:flutter_background_service_android] AndroidManifest.xml:24:9-32:20
150            android:name="id.flutter.flutter_background_service.BootReceiver"
150-->[:flutter_background_service_android] AndroidManifest.xml:25:13-78
151            android:enabled="true"
151-->[:flutter_background_service_android] AndroidManifest.xml:26:13-35
152            android:exported="true" >
152-->[:flutter_background_service_android] AndroidManifest.xml:27:13-36
153            <intent-filter>
153-->[:flutter_background_service_android] AndroidManifest.xml:28:13-31:29
154                <action android:name="android.intent.action.BOOT_COMPLETED" />
154-->[:flutter_background_service_android] AndroidManifest.xml:29:17-79
154-->[:flutter_background_service_android] AndroidManifest.xml:29:25-76
155                <action android:name="android.intent.action.QUICKBOOT_POWERON" />
155-->[:flutter_background_service_android] AndroidManifest.xml:30:17-82
155-->[:flutter_background_service_android] AndroidManifest.xml:30:25-79
156            </intent-filter>
157        </receiver>
158
159        <provider
159-->[:image_picker_android] AndroidManifest.xml:10:9-18:20
160            android:name="io.flutter.plugins.imagepicker.ImagePickerFileProvider"
160-->[:image_picker_android] AndroidManifest.xml:11:13-82
161            android:authorities="com.istechsoft55.fillogo.flutter.image_provider"
161-->[:image_picker_android] AndroidManifest.xml:12:13-74
162            android:exported="false"
162-->[:image_picker_android] AndroidManifest.xml:13:13-37
163            android:grantUriPermissions="true" >
163-->[:image_picker_android] AndroidManifest.xml:14:13-47
164            <meta-data
164-->[:image_picker_android] AndroidManifest.xml:15:13-17:75
165                android:name="android.support.FILE_PROVIDER_PATHS"
165-->[:image_picker_android] AndroidManifest.xml:16:17-67
166                android:resource="@xml/flutter_image_picker_file_paths" />
166-->[:image_picker_android] AndroidManifest.xml:17:17-72
167        </provider>
168
169        <service
169-->[:geolocator_android] AndroidManifest.xml:10:9-14:56
170            android:name="com.baseflow.geolocator.GeolocatorLocationService"
170-->[:geolocator_android] AndroidManifest.xml:11:13-77
171            android:enabled="true"
171-->[:geolocator_android] AndroidManifest.xml:12:13-35
172            android:exported="false"
172-->[:geolocator_android] AndroidManifest.xml:13:13-37
173            android:foregroundServiceType="location" />
173-->[:geolocator_android] AndroidManifest.xml:14:13-53
174
175        <meta-data
175-->[:google_mobile_ads] AndroidManifest.xml:12:9-14:36
176            android:name="io.flutter.embedded_views_preview"
176-->[:google_mobile_ads] AndroidManifest.xml:13:13-61
177            android:value="true" />
177-->[:google_mobile_ads] AndroidManifest.xml:14:13-33
178
179        <service
179-->[:location] AndroidManifest.xml:13:9-17:56
180            android:name="com.lyokone.location.FlutterLocationService"
180-->[:location] AndroidManifest.xml:14:13-71
181            android:enabled="true"
181-->[:location] AndroidManifest.xml:15:13-35
182            android:exported="false"
182-->[:location] AndroidManifest.xml:16:13-37
183            android:foregroundServiceType="location" />
183-->[:location] AndroidManifest.xml:17:13-53
184        <!--
185           Declares a provider which allows us to store files to share in
186           '.../caches/share_plus' and grant the receiving action access
187        -->
188        <provider
188-->[:share_plus] AndroidManifest.xml:15:9-23:20
189            android:name="dev.fluttercommunity.plus.share.ShareFileProvider"
189-->[:share_plus] AndroidManifest.xml:16:13-77
190            android:authorities="com.istechsoft55.fillogo.flutter.share_provider"
190-->[:share_plus] AndroidManifest.xml:17:13-74
191            android:exported="false"
191-->[:share_plus] AndroidManifest.xml:18:13-37
192            android:grantUriPermissions="true" >
192-->[:share_plus] AndroidManifest.xml:19:13-47
193            <meta-data
193-->[:image_picker_android] AndroidManifest.xml:15:13-17:75
194                android:name="android.support.FILE_PROVIDER_PATHS"
194-->[:image_picker_android] AndroidManifest.xml:16:17-67
195                android:resource="@xml/flutter_share_file_paths" />
195-->[:image_picker_android] AndroidManifest.xml:17:17-72
196        </provider>
197        <!--
198           This manifest declared broadcast receiver allows us to use an explicit
199           Intent when creating a PendingItent to be informed of the user's choice
200        -->
201        <receiver
201-->[:share_plus] AndroidManifest.xml:28:9-34:20
202            android:name="dev.fluttercommunity.plus.share.SharePlusPendingIntent"
202-->[:share_plus] AndroidManifest.xml:29:13-82
203            android:exported="false" >
203-->[:share_plus] AndroidManifest.xml:30:13-37
204            <intent-filter>
204-->[:share_plus] AndroidManifest.xml:31:13-33:29
205                <action android:name="EXTRA_CHOSEN_COMPONENT" />
205-->[:share_plus] AndroidManifest.xml:32:17-65
205-->[:share_plus] AndroidManifest.xml:32:25-62
206            </intent-filter>
207        </receiver>
208
209        <activity
209-->[:url_launcher_android] AndroidManifest.xml:10:9-13:74
210            android:name="io.flutter.plugins.urllauncher.WebViewActivity"
210-->[:url_launcher_android] AndroidManifest.xml:11:13-74
211            android:exported="false"
211-->[:url_launcher_android] AndroidManifest.xml:12:13-37
212            android:theme="@android:style/Theme.NoTitleBar.Fullscreen" />
212-->[:url_launcher_android] AndroidManifest.xml:13:13-71
213
214        <receiver
214-->[com.onesignal:notifications:5.1.13] AndroidManifest.xml:49:9-60:20
215            android:name="com.onesignal.notifications.receivers.FCMBroadcastReceiver"
215-->[com.onesignal:notifications:5.1.13] AndroidManifest.xml:50:13-86
216            android:exported="true"
216-->[com.onesignal:notifications:5.1.13] AndroidManifest.xml:51:13-36
217            android:permission="com.google.android.c2dm.permission.SEND" >
217-->[com.onesignal:notifications:5.1.13] AndroidManifest.xml:52:13-73
218
219            <!-- High priority so OneSignal payloads can be filtered from other FCM receivers -->
220            <intent-filter android:priority="999" >
220-->[com.onesignal:notifications:5.1.13] AndroidManifest.xml:55:13-59:29
220-->[com.onesignal:notifications:5.1.13] AndroidManifest.xml:55:28-50
221                <action android:name="com.google.android.c2dm.intent.RECEIVE" />
221-->[com.onesignal:notifications:5.1.13] AndroidManifest.xml:56:17-81
221-->[com.onesignal:notifications:5.1.13] AndroidManifest.xml:56:25-78
222
223                <category android:name="com.istechsoft55.fillogo" />
223-->[com.onesignal:notifications:5.1.13] AndroidManifest.xml:58:17-61
223-->[com.onesignal:notifications:5.1.13] AndroidManifest.xml:58:27-58
224            </intent-filter>
225        </receiver>
226
227        <service
227-->[com.onesignal:notifications:5.1.13] AndroidManifest.xml:62:9-68:19
228            android:name="com.onesignal.notifications.services.HmsMessageServiceOneSignal"
228-->[com.onesignal:notifications:5.1.13] AndroidManifest.xml:63:13-91
229            android:exported="false" >
229-->[com.onesignal:notifications:5.1.13] AndroidManifest.xml:64:13-37
230            <intent-filter>
230-->[com.onesignal:notifications:5.1.13] AndroidManifest.xml:65:13-67:29
231                <action android:name="com.huawei.push.action.MESSAGING_EVENT" />
231-->[com.onesignal:notifications:5.1.13] AndroidManifest.xml:66:17-81
231-->[com.onesignal:notifications:5.1.13] AndroidManifest.xml:66:25-78
232            </intent-filter>
233        </service>
234
235        <activity
235-->[com.onesignal:notifications:5.1.13] AndroidManifest.xml:70:9-78:20
236            android:name="com.onesignal.notifications.activities.NotificationOpenedActivityHMS"
236-->[com.onesignal:notifications:5.1.13] AndroidManifest.xml:71:13-96
237            android:exported="true"
237-->[com.onesignal:notifications:5.1.13] AndroidManifest.xml:72:13-36
238            android:noHistory="true"
238-->[com.onesignal:notifications:5.1.13] AndroidManifest.xml:73:13-37
239            android:theme="@android:style/Theme.Translucent.NoTitleBar" >
239-->[com.onesignal:notifications:5.1.13] AndroidManifest.xml:74:13-72
240            <intent-filter>
240-->[com.onesignal:notifications:5.1.13] AndroidManifest.xml:75:13-77:29
241                <action android:name="android.intent.action.VIEW" />
241-->[com.onesignal:notifications:5.1.13] AndroidManifest.xml:76:17-69
241-->[com.onesignal:notifications:5.1.13] AndroidManifest.xml:76:25-66
242            </intent-filter>
243        </activity>
244
245        <receiver
245-->[com.onesignal:notifications:5.1.13] AndroidManifest.xml:80:9-82:39
246            android:name="com.onesignal.notifications.receivers.NotificationDismissReceiver"
246-->[com.onesignal:notifications:5.1.13] AndroidManifest.xml:81:13-93
247            android:exported="true" />
247-->[com.onesignal:notifications:5.1.13] AndroidManifest.xml:82:13-36
248        <receiver
248-->[com.onesignal:notifications:5.1.13] AndroidManifest.xml:83:9-90:20
249            android:name="com.onesignal.notifications.receivers.BootUpReceiver"
249-->[com.onesignal:notifications:5.1.13] AndroidManifest.xml:84:13-80
250            android:exported="true" >
250-->[com.onesignal:notifications:5.1.13] AndroidManifest.xml:85:13-36
251            <intent-filter>
251-->[:flutter_background_service_android] AndroidManifest.xml:28:13-31:29
252                <action android:name="android.intent.action.BOOT_COMPLETED" />
252-->[:flutter_background_service_android] AndroidManifest.xml:29:17-79
252-->[:flutter_background_service_android] AndroidManifest.xml:29:25-76
253                <action android:name="android.intent.action.QUICKBOOT_POWERON" />
253-->[:flutter_background_service_android] AndroidManifest.xml:30:17-82
253-->[:flutter_background_service_android] AndroidManifest.xml:30:25-79
254            </intent-filter>
255        </receiver>
256        <receiver
256-->[com.onesignal:notifications:5.1.13] AndroidManifest.xml:91:9-97:20
257            android:name="com.onesignal.notifications.receivers.UpgradeReceiver"
257-->[com.onesignal:notifications:5.1.13] AndroidManifest.xml:92:13-81
258            android:exported="true" >
258-->[com.onesignal:notifications:5.1.13] AndroidManifest.xml:93:13-36
259            <intent-filter>
259-->[com.onesignal:notifications:5.1.13] AndroidManifest.xml:94:13-96:29
260                <action android:name="android.intent.action.MY_PACKAGE_REPLACED" />
260-->[com.onesignal:notifications:5.1.13] AndroidManifest.xml:95:17-84
260-->[com.onesignal:notifications:5.1.13] AndroidManifest.xml:95:25-81
261            </intent-filter>
262        </receiver>
263
264        <activity
264-->[com.onesignal:notifications:5.1.13] AndroidManifest.xml:99:9-105:75
265            android:name="com.onesignal.notifications.activities.NotificationOpenedActivity"
265-->[com.onesignal:notifications:5.1.13] AndroidManifest.xml:100:13-93
266            android:excludeFromRecents="true"
266-->[com.onesignal:notifications:5.1.13] AndroidManifest.xml:101:13-46
267            android:exported="true"
267-->[com.onesignal:notifications:5.1.13] AndroidManifest.xml:102:13-36
268            android:noHistory="true"
268-->[com.onesignal:notifications:5.1.13] AndroidManifest.xml:103:13-37
269            android:taskAffinity=""
269-->[com.onesignal:notifications:5.1.13] AndroidManifest.xml:104:13-36
270            android:theme="@android:style/Theme.Translucent.NoTitleBar" />
270-->[com.onesignal:notifications:5.1.13] AndroidManifest.xml:105:13-72
271        <activity
271-->[com.onesignal:notifications:5.1.13] AndroidManifest.xml:106:9-111:75
272            android:name="com.onesignal.notifications.activities.NotificationOpenedActivityAndroid22AndOlder"
272-->[com.onesignal:notifications:5.1.13] AndroidManifest.xml:107:13-110
273            android:excludeFromRecents="true"
273-->[com.onesignal:notifications:5.1.13] AndroidManifest.xml:108:13-46
274            android:exported="true"
274-->[com.onesignal:notifications:5.1.13] AndroidManifest.xml:109:13-36
275            android:noHistory="true"
275-->[com.onesignal:notifications:5.1.13] AndroidManifest.xml:110:13-37
276            android:theme="@android:style/Theme.Translucent.NoTitleBar" />
276-->[com.onesignal:notifications:5.1.13] AndroidManifest.xml:111:13-72
277
278        <service
278-->[com.onesignal:core:5.1.13] AndroidManifest.xml:13:9-16:43
279            android:name="com.onesignal.core.services.SyncService"
279-->[com.onesignal:core:5.1.13] AndroidManifest.xml:14:13-67
280            android:exported="false"
280-->[com.onesignal:core:5.1.13] AndroidManifest.xml:15:13-37
281            android:stopWithTask="true" />
281-->[com.onesignal:core:5.1.13] AndroidManifest.xml:16:13-40
282        <service
282-->[com.onesignal:core:5.1.13] AndroidManifest.xml:17:9-20:72
283            android:name="com.onesignal.core.services.SyncJobService"
283-->[com.onesignal:core:5.1.13] AndroidManifest.xml:18:13-70
284            android:exported="false"
284-->[com.onesignal:core:5.1.13] AndroidManifest.xml:19:13-37
285            android:permission="android.permission.BIND_JOB_SERVICE" />
285-->[com.onesignal:core:5.1.13] AndroidManifest.xml:20:13-69
286
287        <activity
287-->[com.onesignal:core:5.1.13] AndroidManifest.xml:22:9-25:75
288            android:name="com.onesignal.core.activities.PermissionsActivity"
288-->[com.onesignal:core:5.1.13] AndroidManifest.xml:23:13-77
289            android:exported="false"
289-->[com.onesignal:core:5.1.13] AndroidManifest.xml:24:13-37